<?xml version="1.0" encoding="UTF-8"?>
<!-- Generated by org.testng.reporters.JUnitXMLReporter -->
<testsuite hostname="aks-PC" name="Testupen" tests="8" failures="1" timestamp="20 Sep 2019 18:33:19 GMT" time="0.048" errors="0">
  <testcase name="div" time="0.016" classname="com.qa.pages.PraTest"/>
  <testcase name="multi" time="0.0" classname="com.qa.pages.PraTest"/>
  <testcase name="sub" time="0.0" classname="com.qa.pages.PraTest"/>
  <testcase name="sum" time="0.016" classname="com.qa.pages.PraTest">
    <failure type="java.lang.AssertionError" message="expected [30] but found [40]">
      <![CDATA[java.lang.AssertionError: expected [30] but found [40]
	at com.qa.pages.PraTest.sum(PraTest.java:12)
... Removed 30 stack frames]]>
    </failure>
  </testcase> <!-- sum -->
  <testcase name="div" time="0.0" classname="com.qa.pages.PraTest1"/>
  <testcase name="multi" time="0.0" classname="com.qa.pages.PraTest1"/>
  <testcase name="sub" time="0.0" classname="com.qa.pages.PraTest1"/>
  <testcase name="sum" time="0.0" classname="com.qa.pages.PraTest1"/>
</testsuite> <!-- Testupen -->
