<?xml version="1.0" encoding="UTF-8"?>
<!-- Generated by org.testng.reporters.JUnitXMLReporter -->
<testsuite hostname="aks-PC" ignored="0" name="Testupen" tests="8" failures="0" timestamp="19 Sep 2019 18:26:25 GMT" time="0.11" errors="0">
  <testcase name="div" time="0.049" classname="com.qa.pages.PraTest"/>
  <testcase name="multi" time="0.001" classname="com.qa.pages.PraTest"/>
  <testcase name="sub" time="0.0" classname="com.qa.pages.PraTest"/>
  <testcase name="sum" time="0.0" classname="com.qa.pages.PraTest"/>
  <testcase name="div" time="0.0" classname="com.qa.pages.PraTest1"/>
  <testcase name="multi" time="0.0" classname="com.qa.pages.PraTest1"/>
  <testcase name="sub" time="0.0" classname="com.qa.pages.PraTest1"/>
  <testcase name="sum" time="0.0" classname="com.qa.pages.PraTest1"/>
</testsuite> <!-- Testupen -->
