<?xml version="1.0" encoding="UTF-8"?>
<testsuite xmlns:xsi="http://www.w3.org/2001/XMLSchema-instance" xsi:schemaLocation="https://maven.apache.org/surefire/maven-surefire-plugin/xsd/surefire-test-report.xsd" name="TestSuite" time="2.054" tests="8" errors="0" skipped="0" failures="0">
  <properties>
[...]
</properties>
  <testcase name="div" classname="com.qa.pages.PraTest" time="0.048"/>
  <testcase name="multi" classname="com.qa.pages.PraTest" time="0"/>
  <testcase name="sub" classname="com.qa.pages.PraTest" time="0"/>
  <testcase name="sum" classname="com.qa.pages.PraTest" time="0"/>
  <testcase name="div" classname="com.qa.pages.PraTest1" time="0"/>
  <testcase name="multi" classname="com.qa.pages.PraTest1" time="0"/>
  <testcase name="sub" classname="com.qa.pages.PraTest1" time="0"/>
  <testcase name="sum" classname="com.qa.pages.PraTest1" time="0"/>
</testsuite>