<?xml version="1.0" encoding="UTF-8"?>
<testng-results skipped="0" failed="0" ignored="0" total="8" passed="8">
  <reporter-output>
  </reporter-output>
  <suite name="Suite" duration-ms="110" started-at="2019-09-19T18:26:24Z" finished-at="2019-09-19T18:26:24Z">
    <groups>
    </groups>
    <test name="Testupen" duration-ms="110" started-at="2019-09-19T18:26:24Z" finished-at="2019-09-19T18:26:24Z">
      <class name="com.qa.pages.PraTest">
        <test-method status="PASS" signature="div()[pri:0, instance:com.qa.pages.PraTest@6bf256fa]" name="div" duration-ms="49" started-at="2019-09-19T23:56:24Z" finished-at="2019-09-19T23:56:24Z">
          <reporter-output>
          </reporter-output>
        </test-method> <!-- div -->
        <test-method status="PASS" signature="multi()[pri:0, instance:com.qa.pages.PraTest@6bf256fa]" name="multi" duration-ms="1" started-at="2019-09-19T23:56:24Z" finished-at="2019-09-19T23:56:24Z">
          <reporter-output>
          </reporter-output>
        </test-method> <!-- multi -->
        <test-method status="PASS" signature="sub()[pri:0, instance:com.qa.pages.PraTest@6bf256fa]" name="sub" duration-ms="0" started-at="2019-09-19T23:56:24Z" finished-at="2019-09-19T23:56:24Z">
          <reporter-output>
          </reporter-output>
        </test-method> <!-- sub -->
        <test-method status="PASS" signature="sum()[pri:0, instance:com.qa.pages.PraTest@6bf256fa]" name="sum" duration-ms="0" started-at="2019-09-19T23:56:24Z" finished-at="2019-09-19T23:56:24Z">
          <reporter-output>
          </reporter-output>
        </test-method> <!-- sum -->
      </class> <!-- com.qa.pages.PraTest -->
      <class name="com.qa.pages.PraTest1">
        <test-method status="PASS" signature="div()[pri:0, instance:com.qa.pages.PraTest1@13969fbe]" name="div" duration-ms="0" started-at="2019-09-19T23:56:24Z" finished-at="2019-09-19T23:56:24Z">
          <reporter-output>
          </reporter-output>
        </test-method> <!-- div -->
        <test-method status="PASS" signature="multi()[pri:0, instance:com.qa.pages.PraTest1@13969fbe]" name="multi" duration-ms="0" started-at="2019-09-19T23:56:24Z" finished-at="2019-09-19T23:56:24Z">
          <reporter-output>
          </reporter-output>
        </test-method> <!-- multi -->
        <test-method status="PASS" signature="sub()[pri:0, instance:com.qa.pages.PraTest1@13969fbe]" name="sub" duration-ms="0" started-at="2019-09-19T23:56:24Z" finished-at="2019-09-19T23:56:24Z">
          <reporter-output>
          </reporter-output>
        </test-method> <!-- sub -->
        <test-method status="PASS" signature="sum()[pri:0, instance:com.qa.pages.PraTest1@13969fbe]" name="sum" duration-ms="0" started-at="2019-09-19T23:56:24Z" finished-at="2019-09-19T23:56:24Z">
          <reporter-output>
          </reporter-output>
        </test-method> <!-- sum -->
      </class> <!-- com.qa.pages.PraTest1 -->
    </test> <!-- Testupen -->
  </suite> <!-- Suite -->
</testng-results>
